{"/Users/zel/Documents/GitHub/ITISDEV-MCO1_2-G6/server/lib/applications.js": {"path":"/Users/zel/Documents/GitHub/ITISDEV-MCO1_2-G6/server/lib/applications.js","statementMap":{"0":{"start":{"line":1,"column":17},"end":{"line":1,"column":36}},"1":{"start":{"line":3,"column":29},"end":{"line":3,"column":95}},"2":{"start":{"line":5,"column":22},"end":{"line":5,"column":71}},"3":{"start":{"line":5,"column":34},"end":{"line":5,"column":71}},"4":{"start":{"line":7,"column":28},"end":{"line":65,"column":1}},"5":{"start":{"line":8,"column":21},"end":{"line":14,"column":5}},"6":{"start":{"line":16,"column":18},"end":{"line":16,"column":20}},"7":{"start":{"line":17,"column":19},"end":{"line":17,"column":62}},"8":{"start":{"line":18,"column":4},"end":{"line":23,"column":5}},"9":{"start":{"line":19,"column":25},"end":{"line":21,"column":55}},"10":{"start":{"line":20,"column":26},"end":{"line":20,"column":61}},"11":{"start":{"line":21,"column":23},"end":{"line":21,"column":54}},"12":{"start":{"line":22,"column":8},"end":{"line":22,"column":70}},"13":{"start":{"line":24,"column":4},"end":{"line":24,"column":38}},"14":{"start":{"line":24,"column":16},"end":{"line":24,"column":38}},"15":{"start":{"line":25,"column":4},"end":{"line":25,"column":65}},"16":{"start":{"line":25,"column":25},"end":{"line":25,"column":65}},"17":{"start":{"line":26,"column":4},"end":{"line":26,"column":76}},"18":{"start":{"line":26,"column":17},"end":{"line":26,"column":76}},"19":{"start":{"line":27,"column":4},"end":{"line":35,"column":5}},"20":{"start":{"line":28,"column":24},"end":{"line":28,"column":47}},"21":{"start":{"line":29,"column":8},"end":{"line":34,"column":10}},"22":{"start":{"line":36,"column":4},"end":{"line":36,"column":68}},"23":{"start":{"line":36,"column":35},"end":{"line":36,"column":68}},"24":{"start":{"line":38,"column":20},"end":{"line":46,"column":5}},"25":{"start":{"line":47,"column":4},"end":{"line":47,"column":63}},"26":{"start":{"line":49,"column":4},"end":{"line":62,"column":7}},"27":{"start":{"line":64,"column":4},"end":{"line":64,"column":20}},"28":{"start":{"line":67,"column":32},"end":{"line":74,"column":2}},"29":{"start":{"line":67,"column":98},"end":{"line":74,"column":1}},"30":{"start":{"line":70,"column":41},"end":{"line":70,"column":53}},"31":{"start":{"line":76,"column":28},"end":{"line":79,"column":1}},"32":{"start":{"line":76,"column":83},"end":{"line":79,"column":1}},"33":{"start":{"line":81,"column":26},"end":{"line":95,"column":1}},"34":{"start":{"line":82,"column":19},"end":{"line":82,"column":109}},"35":{"start":{"line":83,"column":17},"end":{"line":93,"column":16}},"36":{"start":{"line":83,"column":33},"end":{"line":93,"column":15}},"37":{"start":{"line":94,"column":4},"end":{"line":94,"column":40}},"38":{"start":{"line":97,"column":0},"end":{"line":104,"column":2}}},"fnMap":{"0":{"name":"(anonymous_0)","decl":{"start":{"line":5,"column":22},"end":{"line":5,"column":23}},"loc":{"start":{"line":5,"column":34},"end":{"line":5,"column":71}},"line":5},"1":{"name":"(anonymous_1)","decl":{"start":{"line":7,"column":28},"end":{"line":7,"column":29}},"loc":{"start":{"line":7,"column":131},"end":{"line":65,"column":1}},"line":7},"2":{"name":"(anonymous_2)","decl":{"start":{"line":20,"column":20},"end":{"line":20,"column":21}},"loc":{"start":{"line":20,"column":26},"end":{"line":20,"column":61}},"line":20},"3":{"name":"(anonymous_3)","decl":{"start":{"line":21,"column":17},"end":{"line":21,"column":18}},"loc":{"start":{"line":21,"column":23},"end":{"line":21,"column":54}},"line":21},"4":{"name":"(anonymous_4)","decl":{"start":{"line":67,"column":32},"end":{"line":67,"column":33}},"loc":{"start":{"line":67,"column":98},"end":{"line":74,"column":1}},"line":67},"5":{"name":"(anonymous_5)","decl":{"start":{"line":70,"column":29},"end":{"line":70,"column":30}},"loc":{"start":{"line":70,"column":41},"end":{"line":70,"column":53}},"line":70},"6":{"name":"(anonymous_6)","decl":{"start":{"line":76,"column":28},"end":{"line":76,"column":29}},"loc":{"start":{"line":76,"column":83},"end":{"line":79,"column":1}},"line":76},"7":{"name":"(anonymous_7)","decl":{"start":{"line":81,"column":26},"end":{"line":81,"column":27}},"loc":{"start":{"line":81,"column":36},"end":{"line":95,"column":1}},"line":81},"8":{"name":"(anonymous_8)","decl":{"start":{"line":83,"column":26},"end":{"line":83,"column":27}},"loc":{"start":{"line":83,"column":33},"end":{"line":93,"column":15}},"line":83}},"branchMap":{"0":{"loc":{"start":{"line":7,"column":29},"end":{"line":7,"column":126}},"type":"default-arg","locations":[{"start":{"line":7,"column":124},"end":{"line":7,"column":126}}],"line":7},"1":{"loc":{"start":{"line":7,"column":31},"end":{"line":7,"column":42}},"type":"default-arg","locations":[{"start":{"line":7,"column":40},"end":{"line":7,"column":42}}],"line":7},"2":{"loc":{"start":{"line":7,"column":44},"end":{"line":7,"column":56}},"type":"default-arg","locations":[{"start":{"line":7,"column":54},"end":{"line":7,"column":56}}],"line":7},"3":{"loc":{"start":{"line":7,"column":58},"end":{"line":7,"column":69}},"type":"default-arg","locations":[{"start":{"line":7,"column":67},"end":{"line":7,"column":69}}],"line":7},"4":{"loc":{"start":{"line":7,"column":71},"end":{"line":7,"column":87}},"type":"default-arg","locations":[{"start":{"line":7,"column":78},"end":{"line":7,"column":87}}],"line":7},"5":{"loc":{"start":{"line":7,"column":89},"end":{"line":7,"column":109}},"type":"default-arg","locations":[{"start":{"line":7,"column":107},"end":{"line":7,"column":109}}],"line":7},"6":{"loc":{"start":{"line":7,"column":111},"end":{"line":7,"column":119}},"type":"default-arg","locations":[{"start":{"line":7,"column":117},"end":{"line":7,"column":119}}],"line":7},"7":{"loc":{"start":{"line":17,"column":19},"end":{"line":17,"column":62}},"type":"cond-expr","locations":[{"start":{"line":17,"column":40},"end":{"line":17,"column":43}},{"start":{"line":17,"column":46},"end":{"line":17,"column":62}}],"line":17},"8":{"loc":{"start":{"line":17,"column":46},"end":{"line":17,"column":62}},"type":"cond-expr","locations":[{"start":{"line":17,"column":52},"end":{"line":17,"column":57}},{"start":{"line":17,"column":60},"end":{"line":17,"column":62}}],"line":17},"9":{"loc":{"start":{"line":18,"column":4},"end":{"line":23,"column":5}},"type":"if","locations":[{"start":{"line":18,"column":4},"end":{"line":23,"column":5}},{"start":{},"end":{}}],"line":18},"10":{"loc":{"start":{"line":22,"column":20},"end":{"line":22,"column":69}},"type":"cond-expr","locations":[{"start":{"line":22,"column":38},"end":{"line":22,"column":55}},{"start":{"line":22,"column":58},"end":{"line":22,"column":69}}],"line":22},"11":{"loc":{"start":{"line":24,"column":4},"end":{"line":24,"column":38}},"type":"if","locations":[{"start":{"line":24,"column":4},"end":{"line":24,"column":38}},{"start":{},"end":{}}],"line":24},"12":{"loc":{"start":{"line":25,"column":4},"end":{"line":25,"column":65}},"type":"if","locations":[{"start":{"line":25,"column":4},"end":{"line":25,"column":65}},{"start":{},"end":{}}],"line":25},"13":{"loc":{"start":{"line":26,"column":4},"end":{"line":26,"column":76}},"type":"if","locations":[{"start":{"line":26,"column":4},"end":{"line":26,"column":76}},{"start":{},"end":{}}],"line":26},"14":{"loc":{"start":{"line":27,"column":4},"end":{"line":35,"column":5}},"type":"if","locations":[{"start":{"line":27,"column":4},"end":{"line":35,"column":5}},{"start":{},"end":{}}],"line":27},"15":{"loc":{"start":{"line":36,"column":4},"end":{"line":36,"column":68}},"type":"if","locations":[{"start":{"line":36,"column":4},"end":{"line":36,"column":68}},{"start":{},"end":{}}],"line":36},"16":{"loc":{"start":{"line":47,"column":27},"end":{"line":47,"column":59}},"type":"binary-expr","locations":[{"start":{"line":47,"column":27},"end":{"line":47,"column":40}},{"start":{"line":47,"column":44},"end":{"line":47,"column":59}}],"line":47},"17":{"loc":{"start":{"line":67,"column":58},"end":{"line":67,"column":72}},"type":"default-arg","locations":[{"start":{"line":67,"column":70},"end":{"line":67,"column":72}}],"line":67},"18":{"loc":{"start":{"line":67,"column":74},"end":{"line":67,"column":90}},"type":"default-arg","locations":[{"start":{"line":67,"column":80},"end":{"line":67,"column":90}}],"line":67},"19":{"loc":{"start":{"line":76,"column":29},"end":{"line":76,"column":41}},"type":"default-arg","locations":[{"start":{"line":76,"column":39},"end":{"line":76,"column":41}}],"line":76},"20":{"loc":{"start":{"line":76,"column":62},"end":{"line":76,"column":78}},"type":"default-arg","locations":[{"start":{"line":76,"column":68},"end":{"line":76,"column":78}}],"line":76},"21":{"loc":{"start":{"line":84,"column":19},"end":{"line":84,"column":33}},"type":"binary-expr","locations":[{"start":{"line":84,"column":19},"end":{"line":84,"column":27}},{"start":{"line":84,"column":31},"end":{"line":84,"column":33}}],"line":84},"22":{"loc":{"start":{"line":85,"column":8},"end":{"line":85,"column":28}},"type":"binary-expr","locations":[{"start":{"line":85,"column":8},"end":{"line":85,"column":22}},{"start":{"line":85,"column":26},"end":{"line":85,"column":28}}],"line":85},"23":{"loc":{"start":{"line":86,"column":8},"end":{"line":86,"column":25}},"type":"binary-expr","locations":[{"start":{"line":86,"column":8},"end":{"line":86,"column":19}},{"start":{"line":86,"column":23},"end":{"line":86,"column":25}}],"line":86},"24":{"loc":{"start":{"line":87,"column":8},"end":{"line":87,"column":22}},"type":"binary-expr","locations":[{"start":{"line":87,"column":8},"end":{"line":87,"column":16}},{"start":{"line":87,"column":20},"end":{"line":87,"column":22}}],"line":87},"25":{"loc":{"start":{"line":88,"column":19},"end":{"line":88,"column":37}},"type":"binary-expr","locations":[{"start":{"line":88,"column":19},"end":{"line":88,"column":31}},{"start":{"line":88,"column":35},"end":{"line":88,"column":37}}],"line":88},"26":{"loc":{"start":{"line":89,"column":19},"end":{"line":89,"column":40}},"type":"binary-expr","locations":[{"start":{"line":89,"column":19},"end":{"line":89,"column":34}},{"start":{"line":89,"column":38},"end":{"line":89,"column":40}}],"line":89},"27":{"loc":{"start":{"line":90,"column":8},"end":{"line":90,"column":24}},"type":"binary-expr","locations":[{"start":{"line":90,"column":8},"end":{"line":90,"column":18}},{"start":{"line":90,"column":22},"end":{"line":90,"column":24}}],"line":90},"28":{"loc":{"start":{"line":91,"column":8},"end":{"line":91,"column":34}},"type":"binary-expr","locations":[{"start":{"line":91,"column":8},"end":{"line":91,"column":28}},{"start":{"line":91,"column":32},"end":{"line":91,"column":34}}],"line":91},"29":{"loc":{"start":{"line":92,"column":8},"end":{"line":92,"column":76}},"type":"cond-expr","locations":[{"start":{"line":92,"column":29},"end":{"line":92,"column":71}},{"start":{"line":92,"column":74},"end":{"line":92,"column":76}}],"line":92}},"s":{"0":1,"1":1,"2":1,"3":8,"4":1,"5":3,"6":3,"7":3,"8":3,"9":0,"10":0,"11":0,"12":0,"13":3,"14":1,"15":3,"16":0,"17":3,"18":0,"19":3,"20":0,"21":0,"22":3,"23":1,"24":3,"25":3,"26":3,"27":3,"28":1,"29":2,"30":2,"31":1,"32":2,"33":1,"34":4,"35":4,"36":3,"37":4,"38":1},"f":{"0":8,"1":3,"2":0,"3":0,"4":2,"5":2,"6":2,"7":4,"8":3},"b":{"0":[0],"1":[2],"2":[3],"3":[3],"4":[2],"5":[3],"6":[3],"7":[3,0],"8":[0,0],"9":[0,3],"10":[0,0],"11":[1,2],"12":[0,3],"13":[0,3],"14":[0,3],"15":[1,2],"16":[3,1],"17":[1],"18":[0],"19":[1],"20":[0],"21":[3,1],"22":[3,2],"23":[3,2],"24":[3,2],"25":[3,1],"26":[3,1],"27":[3,2],"28":[3,2],"29":[1,2]},"_coverageSchema":"1a1c01bbd47fc00a2c39e90264f33305004495a9","hash":"aae3e64ad118077062da79b60171fa593c115a75"}
,"/Users/zel/Documents/GitHub/ITISDEV-MCO1_2-G6/server/lib/audit.js": {"path":"/Users/zel/Documents/GitHub/ITISDEV-MCO1_2-G6/server/lib/audit.js","statementMap":{"0":{"start":{"line":1,"column":30},"end":{"line":9,"column":1}},"1":{"start":{"line":11,"column":24},"end":{"line":16,"column":1}},"2":{"start":{"line":12,"column":4},"end":{"line":14,"column":5}},"3":{"start":{"line":13,"column":8},"end":{"line":13,"column":59}},"4":{"start":{"line":15,"column":4},"end":{"line":15,"column":88}},"5":{"start":{"line":18,"column":41},"end":{"line":23,"column":1}},"6":{"start":{"line":19,"column":26},"end":{"line":19,"column":86}},"7":{"start":{"line":20,"column":4},"end":{"line":20,"column":83}},"8":{"start":{"line":20,"column":52},"end":{"line":20,"column":83}},"9":{"start":{"line":21,"column":4},"end":{"line":21,"column":77}},"10":{"start":{"line":21,"column":49},"end":{"line":21,"column":77}},"11":{"start":{"line":22,"column":4},"end":{"line":22,"column":33}},"12":{"start":{"line":25,"column":0},"end":{"line":25,"column":94}}},"fnMap":{"0":{"name":"(anonymous_0)","decl":{"start":{"line":11,"column":24},"end":{"line":11,"column":25}},"loc":{"start":{"line":11,"column":111},"end":{"line":16,"column":1}},"line":11},"1":{"name":"(anonymous_1)","decl":{"start":{"line":18,"column":41},"end":{"line":18,"column":42}},"loc":{"start":{"line":18,"column":72},"end":{"line":23,"column":1}},"line":18}},"branchMap":{"0":{"loc":{"start":{"line":11,"column":88},"end":{"line":11,"column":100}},"type":"default-arg","locations":[{"start":{"line":11,"column":98},"end":{"line":11,"column":100}}],"line":11},"1":{"loc":{"start":{"line":12,"column":4},"end":{"line":14,"column":5}},"type":"if","locations":[{"start":{"line":12,"column":4},"end":{"line":14,"column":5}},{"start":{},"end":{}}],"line":12},"2":{"loc":{"start":{"line":19,"column":26},"end":{"line":19,"column":86}},"type":"binary-expr","locations":[{"start":{"line":19,"column":26},"end":{"line":19,"column":54}},{"start":{"line":19,"column":58},"end":{"line":19,"column":86}}],"line":19},"3":{"loc":{"start":{"line":20,"column":4},"end":{"line":20,"column":83}},"type":"if","locations":[{"start":{"line":20,"column":4},"end":{"line":20,"column":83}},{"start":{},"end":{}}],"line":20},"4":{"loc":{"start":{"line":20,"column":8},"end":{"line":20,"column":50}},"type":"binary-expr","locations":[{"start":{"line":20,"column":8},"end":{"line":20,"column":21}},{"start":{"line":20,"column":25},"end":{"line":20,"column":50}}],"line":20},"5":{"loc":{"start":{"line":21,"column":4},"end":{"line":21,"column":77}},"type":"if","locations":[{"start":{"line":21,"column":4},"end":{"line":21,"column":77}},{"start":{},"end":{}}],"line":21},"6":{"loc":{"start":{"line":21,"column":8},"end":{"line":21,"column":47}},"type":"binary-expr","locations":[{"start":{"line":21,"column":8},"end":{"line":21,"column":21}},{"start":{"line":21,"column":25},"end":{"line":21,"column":47}}],"line":21}},"s":{"0":1,"1":1,"2":12,"3":1,"4":11,"5":1,"6":4,"7":4,"8":1,"9":3,"10":1,"11":2,"12":1},"f":{"0":12,"1":4},"b":{"0":[11],"1":[1,11],"2":[4,3],"3":[1,3],"4":[4,2],"5":[1,2],"6":[3,1]},"_coverageSchema":"1a1c01bbd47fc00a2c39e90264f33305004495a9","hash":"56e09981a96b07761b1bb81a968a6c282d701783"}
,"/Users/zel/Documents/GitHub/ITISDEV-MCO1_2-G6/server/lib/authValidation.js": {"path":"/Users/zel/Documents/GitHub/ITISDEV-MCO1_2-G6/server/lib/authValidation.js","statementMap":{"0":{"start":{"line":1,"column":20},"end":{"line":1,"column":52}},"1":{"start":{"line":3,"column":17},"end":{"line":3,"column":99}},"2":{"start":{"line":3,"column":27},"end":{"line":3,"column":99}},"3":{"start":{"line":5,"column":21},"end":{"line":16,"column":2}},"4":{"start":{"line":5,"column":32},"end":{"line":16,"column":1}},"5":{"start":{"line":18,"column":20},"end":{"line":18,"column":89}},"6":{"start":{"line":18,"column":31},"end":{"line":18,"column":89}},"7":{"start":{"line":20,"column":24},"end":{"line":20,"column":72}},"8":{"start":{"line":20,"column":38},"end":{"line":20,"column":72}},"9":{"start":{"line":22,"column":0},"end":{"line":22,"column":87}}},"fnMap":{"0":{"name":"(anonymous_0)","decl":{"start":{"line":3,"column":17},"end":{"line":3,"column":18}},"loc":{"start":{"line":3,"column":27},"end":{"line":3,"column":99}},"line":3},"1":{"name":"(anonymous_1)","decl":{"start":{"line":5,"column":21},"end":{"line":5,"column":22}},"loc":{"start":{"line":5,"column":32},"end":{"line":16,"column":1}},"line":5},"2":{"name":"(anonymous_2)","decl":{"start":{"line":18,"column":20},"end":{"line":18,"column":21}},"loc":{"start":{"line":18,"column":31},"end":{"line":18,"column":89}},"line":18},"3":{"name":"(anonymous_3)","decl":{"start":{"line":20,"column":24},"end":{"line":20,"column":25}},"loc":{"start":{"line":20,"column":38},"end":{"line":20,"column":72}},"line":20}},"branchMap":{"0":{"loc":{"start":{"line":3,"column":27},"end":{"line":3,"column":99}},"type":"cond-expr","locations":[{"start":{"line":3,"column":56},"end":{"line":3,"column":79}},{"start":{"line":3,"column":82},"end":{"line":3,"column":99}}],"line":3},"1":{"loc":{"start":{"line":18,"column":38},"end":{"line":18,"column":49}},"type":"binary-expr","locations":[{"start":{"line":18,"column":38},"end":{"line":18,"column":43}},{"start":{"line":18,"column":47},"end":{"line":18,"column":49}}],"line":18},"2":{"loc":{"start":{"line":20,"column":45},"end":{"line":20,"column":59}},"type":"binary-expr","locations":[{"start":{"line":20,"column":45},"end":{"line":20,"column":53}},{"start":{"line":20,"column":57},"end":{"line":20,"column":59}}],"line":20}},"s":{"0":2,"1":2,"2":5,"3":2,"4":3,"5":2,"6":12,"7":2,"8":8,"9":2},"f":{"0":5,"1":3,"2":12,"3":8},"b":{"0":[3,2],"1":[12,2],"2":[8,2]},"_coverageSchema":"1a1c01bbd47fc00a2c39e90264f33305004495a9","hash":"441d0bed63f21c7948276755d9a725401a02a8e7"}
,"/Users/zel/Documents/GitHub/ITISDEV-MCO1_2-G6/server/lib/documents.js": {"path":"/Users/zel/Documents/GitHub/ITISDEV-MCO1_2-G6/server/lib/documents.js","statementMap":{"0":{"start":{"line":1,"column":30},"end":{"line":10,"column":1}},"1":{"start":{"line":2,"column":17},"end":{"line":2,"column":50}},"2":{"start":{"line":3,"column":4},"end":{"line":3,"column":83}},"3":{"start":{"line":3,"column":63},"end":{"line":3,"column":83}},"4":{"start":{"line":4,"column":4},"end":{"line":4,"column":95}},"5":{"start":{"line":4,"column":71},"end":{"line":4,"column":95}},"6":{"start":{"line":5,"column":4},"end":{"line":5,"column":53}},"7":{"start":{"line":5,"column":35},"end":{"line":5,"column":53}},"8":{"start":{"line":6,"column":4},"end":{"line":6,"column":80}},"9":{"start":{"line":6,"column":67},"end":{"line":6,"column":80}},"10":{"start":{"line":7,"column":4},"end":{"line":7,"column":62}},"11":{"start":{"line":7,"column":37},"end":{"line":7,"column":62}},"12":{"start":{"line":8,"column":4},"end":{"line":8,"column":46}},"13":{"start":{"line":8,"column":29},"end":{"line":8,"column":46}},"14":{"start":{"line":9,"column":4},"end":{"line":9,"column":19}},"15":{"start":{"line":12,"column":24},"end":{"line":12,"column":77}},"16":{"start":{"line":12,"column":46},"end":{"line":12,"column":77}},"17":{"start":{"line":14,"column":24},"end":{"line":17,"column":1}},"18":{"start":{"line":15,"column":17},"end":{"line":15,"column":51}},"19":{"start":{"line":16,"column":4},"end":{"line":16,"column":62}},"20":{"start":{"line":16,"column":38},"end":{"line":16,"column":60}},"21":{"start":{"line":19,"column":0},"end":{"line":19,"column":77}}},"fnMap":{"0":{"name":"(anonymous_0)","decl":{"start":{"line":1,"column":30},"end":{"line":1,"column":31}},"loc":{"start":{"line":1,"column":41},"end":{"line":10,"column":1}},"line":1},"1":{"name":"(anonymous_1)","decl":{"start":{"line":12,"column":24},"end":{"line":12,"column":25}},"loc":{"start":{"line":12,"column":46},"end":{"line":12,"column":77}},"line":12},"2":{"name":"(anonymous_2)","decl":{"start":{"line":14,"column":24},"end":{"line":14,"column":25}},"loc":{"start":{"line":14,"column":52},"end":{"line":17,"column":1}},"line":14},"3":{"name":"(anonymous_3)","decl":{"start":{"line":16,"column":26},"end":{"line":16,"column":27}},"loc":{"start":{"line":16,"column":38},"end":{"line":16,"column":60}},"line":16}},"branchMap":{"0":{"loc":{"start":{"line":2,"column":24},"end":{"line":2,"column":35}},"type":"binary-expr","locations":[{"start":{"line":2,"column":24},"end":{"line":2,"column":29}},{"start":{"line":2,"column":33},"end":{"line":2,"column":35}}],"line":2},"1":{"loc":{"start":{"line":3,"column":4},"end":{"line":3,"column":83}},"type":"if","locations":[{"start":{"line":3,"column":4},"end":{"line":3,"column":83}},{"start":{},"end":{}}],"line":3},"2":{"loc":{"start":{"line":3,"column":8},"end":{"line":3,"column":61}},"type":"binary-expr","locations":[{"start":{"line":3,"column":8},"end":{"line":3,"column":35}},{"start":{"line":3,"column":39},"end":{"line":3,"column":61}}],"line":3},"3":{"loc":{"start":{"line":4,"column":4},"end":{"line":4,"column":95}},"type":"if","locations":[{"start":{"line":4,"column":4},"end":{"line":4,"column":95}},{"start":{},"end":{}}],"line":4},"4":{"loc":{"start":{"line":4,"column":8},"end":{"line":4,"column":69}},"type":"binary-expr","locations":[{"start":{"line":4,"column":8},"end":{"line":4,"column":39}},{"start":{"line":4,"column":43},"end":{"line":4,"column":69}}],"line":4},"5":{"loc":{"start":{"line":5,"column":4},"end":{"line":5,"column":53}},"type":"if","locations":[{"start":{"line":5,"column":4},"end":{"line":5,"column":53}},{"start":{},"end":{}}],"line":5},"6":{"loc":{"start":{"line":6,"column":4},"end":{"line":6,"column":80}},"type":"if","locations":[{"start":{"line":6,"column":4},"end":{"line":6,"column":80}},{"start":{},"end":{}}],"line":6},"7":{"loc":{"start":{"line":6,"column":8},"end":{"line":6,"column":65}},"type":"binary-expr","locations":[{"start":{"line":6,"column":8},"end":{"line":6,"column":28}},{"start":{"line":6,"column":32},"end":{"line":6,"column":65}}],"line":6},"8":{"loc":{"start":{"line":7,"column":4},"end":{"line":7,"column":62}},"type":"if","locations":[{"start":{"line":7,"column":4},"end":{"line":7,"column":62}},{"start":{},"end":{}}],"line":7},"9":{"loc":{"start":{"line":8,"column":4},"end":{"line":8,"column":46}},"type":"if","locations":[{"start":{"line":8,"column":4},"end":{"line":8,"column":46}},{"start":{},"end":{}}],"line":8}},"s":{"0":2,"1":19,"2":19,"3":8,"4":11,"5":2,"6":9,"7":2,"8":7,"9":2,"10":5,"11":1,"12":4,"13":1,"14":3,"15":2,"16":1,"17":2,"18":3,"19":3,"20":2,"21":2},"f":{"0":19,"1":1,"2":3,"3":2},"b":{"0":[19,2],"1":[8,11],"2":[19,12],"3":[2,9],"4":[11,10],"5":[2,7],"6":[2,5],"7":[7,6],"8":[1,4],"9":[1,3]},"_coverageSchema":"1a1c01bbd47fc00a2c39e90264f33305004495a9","hash":"067b0d6dc7247b5c5279905b34e070dc1572a072"}
,"/Users/zel/Documents/GitHub/ITISDEV-MCO1_2-G6/server/lib/eligibility.js": {"path":"/Users/zel/Documents/GitHub/ITISDEV-MCO1_2-G6/server/lib/eligibility.js","statementMap":{"0":{"start":{"line":1,"column":34},"end":{"line":1,"column":56}},"1":{"start":{"line":3,"column":35},"end":{"line":23,"column":1}},"2":{"start":{"line":4,"column":20},"end":{"line":4,"column":22}},"3":{"start":{"line":5,"column":24},"end":{"line":5,"column":53}},"4":{"start":{"line":6,"column":4},"end":{"line":8,"column":5}},"5":{"start":{"line":7,"column":8},"end":{"line":7,"column":63}},"6":{"start":{"line":9,"column":4},"end":{"line":11,"column":5}},"7":{"start":{"line":10,"column":8},"end":{"line":10,"column":67}},"8":{"start":{"line":12,"column":4},"end":{"line":14,"column":5}},"9":{"start":{"line":13,"column":8},"end":{"line":13,"column":39}},"10":{"start":{"line":16,"column":26},"end":{"line":16,"column":75}},"11":{"start":{"line":16,"column":60},"end":{"line":16,"column":73}},"12":{"start":{"line":17,"column":4},"end":{"line":20,"column":7}},"13":{"start":{"line":18,"column":21},"end":{"line":18,"column":55}},"14":{"start":{"line":19,"column":8},"end":{"line":19,"column":64}},"15":{"start":{"line":19,"column":38},"end":{"line":19,"column":64}},"16":{"start":{"line":22,"column":4},"end":{"line":22,"column":55}},"17":{"start":{"line":25,"column":40},"end":{"line":29,"column":1}},"18":{"start":{"line":26,"column":4},"end":{"line":26,"column":35}},"19":{"start":{"line":26,"column":22},"end":{"line":26,"column":35}},"20":{"start":{"line":27,"column":4},"end":{"line":27,"column":57}},"21":{"start":{"line":27,"column":44},"end":{"line":27,"column":57}},"22":{"start":{"line":28,"column":4},"end":{"line":28,"column":49}},"23":{"start":{"line":31,"column":0},"end":{"line":31,"column":81}}},"fnMap":{"0":{"name":"(anonymous_0)","decl":{"start":{"line":3,"column":35},"end":{"line":3,"column":36}},"loc":{"start":{"line":3,"column":77},"end":{"line":23,"column":1}},"line":3},"1":{"name":"(anonymous_1)","decl":{"start":{"line":16,"column":48},"end":{"line":16,"column":49}},"loc":{"start":{"line":16,"column":60},"end":{"line":16,"column":73}},"line":16},"2":{"name":"(anonymous_2)","decl":{"start":{"line":17,"column":54},"end":{"line":17,"column":55}},"loc":{"start":{"line":17,"column":69},"end":{"line":20,"column":5}},"line":17},"3":{"name":"(anonymous_3)","decl":{"start":{"line":25,"column":40},"end":{"line":25,"column":41}},"loc":{"start":{"line":25,"column":75},"end":{"line":29,"column":1}},"line":25}},"branchMap":{"0":{"loc":{"start":{"line":3,"column":58},"end":{"line":3,"column":72}},"type":"default-arg","locations":[{"start":{"line":3,"column":70},"end":{"line":3,"column":72}}],"line":3},"1":{"loc":{"start":{"line":5,"column":24},"end":{"line":5,"column":53}},"type":"binary-expr","locations":[{"start":{"line":5,"column":24},"end":{"line":5,"column":47}},{"start":{"line":5,"column":51},"end":{"line":5,"column":53}}],"line":5},"2":{"loc":{"start":{"line":6,"column":4},"end":{"line":8,"column":5}},"type":"if","locations":[{"start":{"line":6,"column":4},"end":{"line":8,"column":5}},{"start":{},"end":{}}],"line":6},"3":{"loc":{"start":{"line":6,"column":8},"end":{"line":6,"column":78}},"type":"binary-expr","locations":[{"start":{"line":6,"column":8},"end":{"line":6,"column":27}},{"start":{"line":6,"column":31},"end":{"line":6,"column":78}}],"line":6},"4":{"loc":{"start":{"line":6,"column":38},"end":{"line":6,"column":55}},"type":"binary-expr","locations":[{"start":{"line":6,"column":38},"end":{"line":6,"column":50}},{"start":{"line":6,"column":54},"end":{"line":6,"column":55}}],"line":6},"5":{"loc":{"start":{"line":9,"column":4},"end":{"line":11,"column":5}},"type":"if","locations":[{"start":{"line":9,"column":4},"end":{"line":11,"column":5}},{"start":{},"end":{}}],"line":9},"6":{"loc":{"start":{"line":9,"column":8},"end":{"line":9,"column":74}},"type":"binary-expr","locations":[{"start":{"line":9,"column":8},"end":{"line":9,"column":50}},{"start":{"line":9,"column":54},"end":{"line":9,"column":74}}],"line":9},"7":{"loc":{"start":{"line":12,"column":4},"end":{"line":14,"column":5}},"type":"if","locations":[{"start":{"line":12,"column":4},"end":{"line":14,"column":5}},{"start":{},"end":{}}],"line":12},"8":{"loc":{"start":{"line":12,"column":8},"end":{"line":12,"column":74}},"type":"binary-expr","locations":[{"start":{"line":12,"column":8},"end":{"line":12,"column":50}},{"start":{"line":12,"column":54},"end":{"line":12,"column":74}}],"line":12},"9":{"loc":{"start":{"line":17,"column":5},"end":{"line":17,"column":44}},"type":"binary-expr","locations":[{"start":{"line":17,"column":5},"end":{"line":17,"column":38}},{"start":{"line":17,"column":42},"end":{"line":17,"column":44}}],"line":17},"10":{"loc":{"start":{"line":19,"column":8},"end":{"line":19,"column":64}},"type":"if","locations":[{"start":{"line":19,"column":8},"end":{"line":19,"column":64}},{"start":{},"end":{}}],"line":19},"11":{"loc":{"start":{"line":25,"column":54},"end":{"line":25,"column":70}},"type":"default-arg","locations":[{"start":{"line":25,"column":60},"end":{"line":25,"column":70}}],"line":25},"12":{"loc":{"start":{"line":26,"column":4},"end":{"line":26,"column":35}},"type":"if","locations":[{"start":{"line":26,"column":4},"end":{"line":26,"column":35}},{"start":{},"end":{}}],"line":26},"13":{"loc":{"start":{"line":27,"column":4},"end":{"line":27,"column":57}},"type":"if","locations":[{"start":{"line":27,"column":4},"end":{"line":27,"column":57}},{"start":{},"end":{}}],"line":27}},"s":{"0":1,"1":1,"2":9,"3":9,"4":9,"5":2,"6":9,"7":1,"8":9,"9":1,"10":9,"11":1,"12":9,"13":3,"14":3,"15":2,"16":9,"17":1,"18":7,"19":2,"20":5,"21":2,"22":3,"23":1},"f":{"0":9,"1":1,"2":3,"3":7},"b":{"0":[6],"1":[9,0],"2":[2,7],"3":[9,3],"4":[3,1],"5":[1,8],"6":[9,1],"7":[1,8],"8":[9,1],"9":[9,7],"10":[2,1],"11":[5],"12":[2,5],"13":[2,3]},"_coverageSchema":"1a1c01bbd47fc00a2c39e90264f33305004495a9","hash":"906c4fc6f0faa0f2dffda89107e036e7d6ac53ab"}
,"/Users/zel/Documents/GitHub/ITISDEV-MCO1_2-G6/server/lib/opportunities.js": {"path":"/Users/zel/Documents/GitHub/ITISDEV-MCO1_2-G6/server/lib/opportunities.js","statementMap":{"0":{"start":{"line":1,"column":21},"end":{"line":5,"column":1}},"1":{"start":{"line":2,"column":4},"end":{"line":2,"column":59}},"2":{"start":{"line":2,"column":30},"end":{"line":2,"column":59}},"3":{"start":{"line":3,"column":4},"end":{"line":3,"column":26}},"4":{"start":{"line":3,"column":16},"end":{"line":3,"column":26}},"5":{"start":{"line":4,"column":4},"end":{"line":4,"column":78}},"6":{"start":{"line":4,"column":49},"end":{"line":4,"column":60}},"7":{"start":{"line":7,"column":23},"end":{"line":34,"column":1}},"8":{"start":{"line":8,"column":18},"end":{"line":8,"column":99}},"9":{"start":{"line":9,"column":4},"end":{"line":33,"column":6}},"10":{"start":{"line":36,"column":34},"end":{"line":69,"column":1}},"11":{"start":{"line":37,"column":17},"end":{"line":37,"column":46}},"12":{"start":{"line":38,"column":24},"end":{"line":38,"column":64}},"13":{"start":{"line":39,"column":20},"end":{"line":39,"column":75}},"14":{"start":{"line":40,"column":34},"end":{"line":40,"column":92}},"15":{"start":{"line":41,"column":21},"end":{"line":41,"column":92}},"16":{"start":{"line":42,"column":21},"end":{"line":46,"column":21}},"17":{"start":{"line":48,"column":4},"end":{"line":68,"column":6}},"18":{"start":{"line":71,"column":28},"end":{"line":104,"column":1}},"19":{"start":{"line":72,"column":18},"end":{"line":72,"column":99}},"20":{"start":{"line":73,"column":19},"end":{"line":73,"column":110}},"21":{"start":{"line":74,"column":21},"end":{"line":74,"column":69}},"22":{"start":{"line":75,"column":16},"end":{"line":75,"column":26}},"23":{"start":{"line":76,"column":24},"end":{"line":80,"column":24}},"24":{"start":{"line":82,"column":4},"end":{"line":103,"column":6}},"25":{"start":{"line":106,"column":0},"end":{"line":106,"column":98}}},"fnMap":{"0":{"name":"(anonymous_0)","decl":{"start":{"line":1,"column":21},"end":{"line":1,"column":22}},"loc":{"start":{"line":1,"column":32},"end":{"line":5,"column":1}},"line":1},"1":{"name":"(anonymous_1)","decl":{"start":{"line":4,"column":41},"end":{"line":4,"column":42}},"loc":{"start":{"line":4,"column":49},"end":{"line":4,"column":60}},"line":4},"2":{"name":"(anonymous_2)","decl":{"start":{"line":7,"column":23},"end":{"line":7,"column":24}},"loc":{"start":{"line":7,"column":40},"end":{"line":34,"column":1}},"line":7},"3":{"name":"(anonymous_3)","decl":{"start":{"line":36,"column":34},"end":{"line":36,"column":35}},"loc":{"start":{"line":36,"column":44},"end":{"line":69,"column":1}},"line":36},"4":{"name":"(anonymous_4)","decl":{"start":{"line":71,"column":28},"end":{"line":71,"column":29}},"loc":{"start":{"line":71,"column":67},"end":{"line":104,"column":1}},"line":71}},"branchMap":{"0":{"loc":{"start":{"line":2,"column":4},"end":{"line":2,"column":59}},"type":"if","locations":[{"start":{"line":2,"column":4},"end":{"line":2,"column":59}},{"start":{},"end":{}}],"line":2},"1":{"loc":{"start":{"line":3,"column":4},"end":{"line":3,"column":26}},"type":"if","locations":[{"start":{"line":3,"column":4},"end":{"line":3,"column":26}},{"start":{},"end":{}}],"line":3},"2":{"loc":{"start":{"line":8,"column":18},"end":{"line":8,"column":99}},"type":"cond-expr","locations":[{"start":{"line":8,"column":63},"end":{"line":8,"column":85}},{"start":{"line":8,"column":88},"end":{"line":8,"column":99}}],"line":8},"3":{"loc":{"start":{"line":17,"column":18},"end":{"line":17,"column":53}},"type":"binary-expr","locations":[{"start":{"line":17,"column":18},"end":{"line":17,"column":31}},{"start":{"line":17,"column":35},"end":{"line":17,"column":47}},{"start":{"line":17,"column":51},"end":{"line":17,"column":53}}],"line":17},"4":{"loc":{"start":{"line":28,"column":27},"end":{"line":28,"column":60}},"type":"binary-expr","locations":[{"start":{"line":28,"column":27},"end":{"line":28,"column":54}},{"start":{"line":28,"column":58},"end":{"line":28,"column":60}}],"line":28},"5":{"loc":{"start":{"line":37,"column":17},"end":{"line":37,"column":46}},"type":"binary-expr","locations":[{"start":{"line":37,"column":17},"end":{"line":37,"column":26}},{"start":{"line":37,"column":30},"end":{"line":37,"column":46}}],"line":37},"6":{"loc":{"start":{"line":38,"column":24},"end":{"line":38,"column":64}},"type":"binary-expr","locations":[{"start":{"line":38,"column":24},"end":{"line":38,"column":40}},{"start":{"line":38,"column":44},"end":{"line":38,"column":64}}],"line":38},"7":{"loc":{"start":{"line":39,"column":20},"end":{"line":39,"column":75}},"type":"binary-expr","locations":[{"start":{"line":39,"column":20},"end":{"line":39,"column":32}},{"start":{"line":39,"column":36},"end":{"line":39,"column":75}}],"line":39},"8":{"loc":{"start":{"line":40,"column":34},"end":{"line":40,"column":92}},"type":"binary-expr","locations":[{"start":{"line":40,"column":34},"end":{"line":40,"column":60}},{"start":{"line":40,"column":64},"end":{"line":40,"column":86}},{"start":{"line":40,"column":90},"end":{"line":40,"column":92}}],"line":40},"9":{"loc":{"start":{"line":41,"column":21},"end":{"line":41,"column":92}},"type":"cond-expr","locations":[{"start":{"line":41,"column":52},"end":{"line":41,"column":76}},{"start":{"line":41,"column":79},"end":{"line":41,"column":92}}],"line":41},"10":{"loc":{"start":{"line":42,"column":28},"end":{"line":42,"column":41}},"type":"binary-expr","locations":[{"start":{"line":42,"column":28},"end":{"line":42,"column":32}},{"start":{"line":42,"column":36},"end":{"line":42,"column":41}}],"line":42},"11":{"loc":{"start":{"line":49,"column":14},"end":{"line":49,"column":68}},"type":"binary-expr","locations":[{"start":{"line":49,"column":14},"end":{"line":49,"column":23}},{"start":{"line":49,"column":27},"end":{"line":49,"column":68}}],"line":49},"12":{"loc":{"start":{"line":49,"column":35},"end":{"line":49,"column":52}},"type":"binary-expr","locations":[{"start":{"line":49,"column":35},"end":{"line":49,"column":43}},{"start":{"line":49,"column":47},"end":{"line":49,"column":52}}],"line":49},"13":{"loc":{"start":{"line":55,"column":18},"end":{"line":55,"column":44}},"type":"binary-expr","locations":[{"start":{"line":55,"column":18},"end":{"line":55,"column":31}},{"start":{"line":55,"column":35},"end":{"line":55,"column":44}}],"line":55},"14":{"loc":{"start":{"line":56,"column":16},"end":{"line":56,"column":38}},"type":"binary-expr","locations":[{"start":{"line":56,"column":16},"end":{"line":56,"column":27}},{"start":{"line":56,"column":31},"end":{"line":56,"column":38}}],"line":56},"15":{"loc":{"start":{"line":63,"column":21},"end":{"line":67,"column":9}},"type":"binary-expr","locations":[{"start":{"line":63,"column":21},"end":{"line":63,"column":37}},{"start":{"line":63,"column":41},"end":{"line":67,"column":9}}],"line":63},"16":{"loc":{"start":{"line":71,"column":42},"end":{"line":71,"column":62}},"type":"default-arg","locations":[{"start":{"line":71,"column":61},"end":{"line":71,"column":62}}],"line":71},"17":{"loc":{"start":{"line":72,"column":18},"end":{"line":72,"column":99}},"type":"cond-expr","locations":[{"start":{"line":72,"column":63},"end":{"line":72,"column":85}},{"start":{"line":72,"column":88},"end":{"line":72,"column":99}}],"line":72},"18":{"loc":{"start":{"line":73,"column":19},"end":{"line":73,"column":110}},"type":"cond-expr","locations":[{"start":{"line":73,"column":50},"end":{"line":73,"column":61}},{"start":{"line":73,"column":64},"end":{"line":73,"column":110}}],"line":73},"19":{"loc":{"start":{"line":73,"column":64},"end":{"line":73,"column":110}},"type":"cond-expr","locations":[{"start":{"line":73,"column":92},"end":{"line":73,"column":100}},{"start":{"line":73,"column":103},"end":{"line":73,"column":110}}],"line":73},"20":{"loc":{"start":{"line":74,"column":21},"end":{"line":74,"column":69}},"type":"cond-expr","locations":[{"start":{"line":74,"column":38},"end":{"line":74,"column":62}},{"start":{"line":74,"column":65},"end":{"line":74,"column":69}}],"line":74},"21":{"loc":{"start":{"line":76,"column":24},"end":{"line":80,"column":24}},"type":"cond-expr","locations":[{"start":{"line":77,"column":10},"end":{"line":77,"column":18}},{"start":{"line":78,"column":10},"end":{"line":80,"column":24}}],"line":76},"22":{"loc":{"start":{"line":76,"column":24},"end":{"line":76,"column":51}},"type":"binary-expr","locations":[{"start":{"line":76,"column":24},"end":{"line":76,"column":33}},{"start":{"line":76,"column":37},"end":{"line":76,"column":51}}],"line":76},"23":{"loc":{"start":{"line":78,"column":10},"end":{"line":80,"column":24}},"type":"cond-expr","locations":[{"start":{"line":79,"column":14},"end":{"line":79,"column":20}},{"start":{"line":80,"column":14},"end":{"line":80,"column":24}}],"line":78},"24":{"loc":{"start":{"line":92,"column":16},"end":{"line":92,"column":67}},"type":"cond-expr","locations":[{"start":{"line":92,"column":27},"end":{"line":92,"column":62}},{"start":{"line":92,"column":65},"end":{"line":92,"column":67}}],"line":92},"25":{"loc":{"start":{"line":93,"column":18},"end":{"line":93,"column":69}},"type":"cond-expr","locations":[{"start":{"line":93,"column":29},"end":{"line":93,"column":64}},{"start":{"line":93,"column":67},"end":{"line":93,"column":69}}],"line":93},"26":{"loc":{"start":{"line":98,"column":17},"end":{"line":98,"column":51}},"type":"binary-expr","locations":[{"start":{"line":98,"column":17},"end":{"line":98,"column":32}},{"start":{"line":98,"column":36},"end":{"line":98,"column":51}}],"line":98},"27":{"loc":{"start":{"line":101,"column":27},"end":{"line":101,"column":60}},"type":"binary-expr","locations":[{"start":{"line":101,"column":27},"end":{"line":101,"column":54}},{"start":{"line":101,"column":58},"end":{"line":101,"column":60}}],"line":101}},"s":{"0":1,"1":28,"2":1,"3":27,"4":25,"5":2,"6":5,"7":1,"8":3,"9":3,"10":1,"11":7,"12":7,"13":7,"14":7,"15":7,"16":7,"17":7,"18":1,"19":7,"20":7,"21":7,"22":7,"23":7,"24":7,"25":1},"f":{"0":28,"1":5,"2":3,"3":7,"4":7},"b":{"0":[1,27],"1":[25,2],"2":[1,2],"3":[3,2,1],"4":[3,2],"5":[7,1],"6":[7,1],"7":[7,7],"8":[7,7,7],"9":[1,6],"10":[7,0],"11":[7,6],"12":[6,0],"13":[7,0],"14":[7,6],"15":[7,7],"16":[6],"17":[0,7],"18":[4,3],"19":[1,2],"20":[7,0],"21":[1,6],"22":[7,7],"23":[5,1],"24":[7,0],"25":[7,0],"26":[7,7],"27":[7,7]},"_coverageSchema":"1a1c01bbd47fc00a2c39e90264f33305004495a9","hash":"69886b0fc1b7ef14dbdaa5ad46f4a08cf990afec"}
,"/Users/zel/Documents/GitHub/ITISDEV-MCO1_2-G6/server/lib/statistics.js": {"path":"/Users/zel/Documents/GitHub/ITISDEV-MCO1_2-G6/server/lib/statistics.js","statementMap":{"0":{"start":{"line":1,"column":25},"end":{"line":1,"column":48}},"1":{"start":{"line":3,"column":24},"end":{"line":3,"column":88}},"2":{"start":{"line":3,"column":46},"end":{"line":3,"column":88}},"3":{"start":{"line":5,"column":33},"end":{"line":16,"column":1}},"4":{"start":{"line":6,"column":19},"end":{"line":6,"column":94}},"5":{"start":{"line":7,"column":4},"end":{"line":7,"column":90}},"6":{"start":{"line":7,"column":32},"end":{"line":7,"column":86}},"7":{"start":{"line":7,"column":56},"end":{"line":7,"column":86}},"8":{"start":{"line":9,"column":4},"end":{"line":15,"column":6}},"9":{"start":{"line":18,"column":0},"end":{"line":18,"column":81}}},"fnMap":{"0":{"name":"(anonymous_0)","decl":{"start":{"line":3,"column":24},"end":{"line":3,"column":25}},"loc":{"start":{"line":3,"column":46},"end":{"line":3,"column":88}},"line":3},"1":{"name":"(anonymous_1)","decl":{"start":{"line":5,"column":33},"end":{"line":5,"column":34}},"loc":{"start":{"line":5,"column":104},"end":{"line":16,"column":1}},"line":5},"2":{"name":"(anonymous_2)","decl":{"start":{"line":7,"column":22},"end":{"line":7,"column":23}},"loc":{"start":{"line":7,"column":30},"end":{"line":7,"column":88}},"line":7}},"branchMap":{"0":{"loc":{"start":{"line":3,"column":25},"end":{"line":3,"column":41}},"type":"default-arg","locations":[{"start":{"line":3,"column":31},"end":{"line":3,"column":41}}],"line":3},"1":{"loc":{"start":{"line":5,"column":34},"end":{"line":5,"column":48}},"type":"default-arg","locations":[{"start":{"line":5,"column":46},"end":{"line":5,"column":48}}],"line":5},"2":{"loc":{"start":{"line":5,"column":50},"end":{"line":5,"column":65}},"type":"default-arg","locations":[{"start":{"line":5,"column":64},"end":{"line":5,"column":65}}],"line":5},"3":{"loc":{"start":{"line":5,"column":67},"end":{"line":5,"column":83}},"type":"default-arg","locations":[{"start":{"line":5,"column":82},"end":{"line":5,"column":83}}],"line":5},"4":{"loc":{"start":{"line":5,"column":85},"end":{"line":5,"column":99}},"type":"default-arg","locations":[{"start":{"line":5,"column":97},"end":{"line":5,"column":99}}],"line":5},"5":{"loc":{"start":{"line":7,"column":32},"end":{"line":7,"column":86}},"type":"if","locations":[{"start":{"line":7,"column":32},"end":{"line":7,"column":86}},{"start":{},"end":{}}],"line":7},"6":{"loc":{"start":{"line":12,"column":16},"end":{"line":12,"column":32}},"type":"binary-expr","locations":[{"start":{"line":12,"column":16},"end":{"line":12,"column":27}},{"start":{"line":12,"column":31},"end":{"line":12,"column":32}}],"line":12}},"s":{"0":1,"1":1,"2":2,"3":1,"4":12,"5":12,"6":36,"7":35,"8":12,"9":1},"f":{"0":2,"1":12,"2":36},"b":{"0":[0],"1":[0],"2":[1],"3":[0],"4":[0],"5":[35,1],"6":[12,11]},"_coverageSchema":"1a1c01bbd47fc00a2c39e90264f33305004495a9","hash":"0471d809eda5d95b42d827316369d0fe761b687b"}
,"/Users/zel/Documents/GitHub/ITISDEV-MCO1_2-G6/server/middleware/auth.js": {"path":"/Users/zel/Documents/GitHub/ITISDEV-MCO1_2-G6/server/middleware/auth.js","statementMap":{"0":{"start":{"line":2,"column":4},"end":{"line":3,"column":95}},"1":{"start":{"line":3,"column":8},"end":{"line":3,"column":95}},"2":{"start":{"line":4,"column":4},"end":{"line":4,"column":32}},"3":{"start":{"line":5,"column":4},"end":{"line":5,"column":11}},"4":{"start":{"line":8,"column":20},"end":{"line":8,"column":52}},"5":{"start":{"line":11,"column":4},"end":{"line":12,"column":100}},"6":{"start":{"line":12,"column":8},"end":{"line":12,"column":100}},"7":{"start":{"line":13,"column":4},"end":{"line":13,"column":11}},"8":{"start":{"line":16,"column":0},"end":{"line":16,"column":60}}},"fnMap":{"0":{"name":"requireAuth","decl":{"start":{"line":1,"column":9},"end":{"line":1,"column":20}},"loc":{"start":{"line":1,"column":37},"end":{"line":6,"column":1}},"line":1},"1":{"name":"requireAdmin","decl":{"start":{"line":10,"column":9},"end":{"line":10,"column":21}},"loc":{"start":{"line":10,"column":38},"end":{"line":14,"column":1}},"line":10}},"branchMap":{"0":{"loc":{"start":{"line":2,"column":4},"end":{"line":3,"column":95}},"type":"if","locations":[{"start":{"line":2,"column":4},"end":{"line":3,"column":95}},{"start":{},"end":{}}],"line":2},"1":{"loc":{"start":{"line":11,"column":4},"end":{"line":12,"column":100}},"type":"if","locations":[{"start":{"line":11,"column":4},"end":{"line":12,"column":100}},{"start":{},"end":{}}],"line":11}},"s":{"0":3,"1":2,"2":1,"3":1,"4":1,"5":4,"6":2,"7":2,"8":1},"f":{"0":3,"1":4},"b":{"0":[2,1],"1":[2,2]},"_coverageSchema":"1a1c01bbd47fc00a2c39e90264f33305004495a9","hash":"b60b9d17900b9e682408dc05a990222cb64954f2"}
,"/Users/zel/Documents/GitHub/ITISDEV-MCO1_2-G6/server/models/Applications.js": {"path":"/Users/zel/Documents/GitHub/ITISDEV-MCO1_2-G6/server/models/Applications.js","statementMap":{"0":{"start":{"line":1,"column":17},"end":{"line":1,"column":36}},"1":{"start":{"line":3,"column":26},"end":{"line":37,"column":24}},"2":{"start":{"line":39,"column":0},"end":{"line":39,"column":75}},"3":{"start":{"line":40,"column":0},"end":{"line":40,"column":57}},"4":{"start":{"line":42,"column":0},"end":{"line":42,"column":66}}},"fnMap":{},"branchMap":{},"s":{"0":1,"1":1,"2":1,"3":1,"4":1},"f":{},"b":{},"_coverageSchema":"1a1c01bbd47fc00a2c39e90264f33305004495a9","hash":"3a9c277e83b220b94c6d7649af4e2d660ea4aa98"}
,"/Users/zel/Documents/GitHub/ITISDEV-MCO1_2-G6/server/models/AuditLog.js": {"path":"/Users/zel/Documents/GitHub/ITISDEV-MCO1_2-G6/server/models/AuditLog.js","statementMap":{"0":{"start":{"line":1,"column":17},"end":{"line":1,"column":36}},"1":{"start":{"line":3,"column":23},"end":{"line":28,"column":57}},"2":{"start":{"line":30,"column":0},"end":{"line":30,"column":68}},"3":{"start":{"line":31,"column":0},"end":{"line":31,"column":51}},"4":{"start":{"line":32,"column":0},"end":{"line":32,"column":51}},"5":{"start":{"line":34,"column":22},"end":{"line":36,"column":1}},"6":{"start":{"line":35,"column":4},"end":{"line":35,"column":91}},"7":{"start":{"line":37,"column":0},"end":{"line":37,"column":130}},"8":{"start":{"line":39,"column":0},"end":{"line":39,"column":60}}},"fnMap":{"0":{"name":"(anonymous_0)","decl":{"start":{"line":34,"column":22},"end":{"line":34,"column":23}},"loc":{"start":{"line":34,"column":38},"end":{"line":36,"column":1}},"line":34}},"branchMap":{},"s":{"0":1,"1":1,"2":1,"3":1,"4":1,"5":1,"6":3,"7":1,"8":1},"f":{"0":3},"b":{},"_coverageSchema":"1a1c01bbd47fc00a2c39e90264f33305004495a9","hash":"4d48db04f4d5b496ae6a332df180d8e71755b3c0"}
,"/Users/zel/Documents/GitHub/ITISDEV-MCO1_2-G6/server/models/Document.js": {"path":"/Users/zel/Documents/GitHub/ITISDEV-MCO1_2-G6/server/models/Document.js","statementMap":{"0":{"start":{"line":1,"column":17},"end":{"line":1,"column":36}},"1":{"start":{"line":3,"column":23},"end":{"line":24,"column":24}},"2":{"start":{"line":26,"column":0},"end":{"line":26,"column":45}},"3":{"start":{"line":28,"column":0},"end":{"line":28,"column":60}}},"fnMap":{},"branchMap":{},"s":{"0":1,"1":1,"2":1,"3":1},"f":{},"b":{},"_coverageSchema":"1a1c01bbd47fc00a2c39e90264f33305004495a9","hash":"d159169061a78f246a2f99a15ab2cda3df78c9ba"}
,"/Users/zel/Documents/GitHub/ITISDEV-MCO1_2-G6/server/models/Opportunity.js": {"path":"/Users/zel/Documents/GitHub/ITISDEV-MCO1_2-G6/server/models/Opportunity.js","statementMap":{"0":{"start":{"line":1,"column":17},"end":{"line":1,"column":36}},"1":{"start":{"line":3,"column":26},"end":{"line":53,"column":24}},"2":{"start":{"line":55,"column":0},"end":{"line":55,"column":52}},"3":{"start":{"line":56,"column":0},"end":{"line":56,"column":52}},"4":{"start":{"line":58,"column":0},"end":{"line":58,"column":66}}},"fnMap":{},"branchMap":{},"s":{"0":1,"1":1,"2":1,"3":1,"4":1},"f":{},"b":{},"_coverageSchema":"1a1c01bbd47fc00a2c39e90264f33305004495a9","hash":"17696cf633e20421d466ca334bfca32bef383ef2"}
,"/Users/zel/Documents/GitHub/ITISDEV-MCO1_2-G6/server/models/User.js": {"path":"/Users/zel/Documents/GitHub/ITISDEV-MCO1_2-G6/server/models/User.js","statementMap":{"0":{"start":{"line":1,"column":17},"end":{"line":1,"column":36}},"1":{"start":{"line":3,"column":19},"end":{"line":50,"column":24}},"2":{"start":{"line":52,"column":0},"end":{"line":52,"column":52}}},"fnMap":{},"branchMap":{},"s":{"0":2,"1":2,"2":2},"f":{},"b":{},"_coverageSchema":"1a1c01bbd47fc00a2c39e90264f33305004495a9","hash":"69e5a39390469c97b954ff72e8d291098f14421c"}
,"/Users/zel/Documents/GitHub/ITISDEV-MCO1_2-G6/server/routes/auth.js": {"path":"/Users/zel/Documents/GitHub/ITISDEV-MCO1_2-G6/server/routes/auth.js","statementMap":{"0":{"start":{"line":1,"column":16},"end":{"line":1,"column":34}},"1":{"start":{"line":2,"column":15},"end":{"line":2,"column":32}},"2":{"start":{"line":3,"column":15},"end":{"line":3,"column":31}},"3":{"start":{"line":4,"column":13},"end":{"line":4,"column":38}},"4":{"start":{"line":5,"column":65},"end":{"line":5,"column":97}},"5":{"start":{"line":7,"column":0},"end":{"line":27,"column":3}},"6":{"start":{"line":8,"column":4},"end":{"line":26,"column":32}},"7":{"start":{"line":9,"column":36},"end":{"line":9,"column":44}},"8":{"start":{"line":10,"column":8},"end":{"line":11,"column":99}},"9":{"start":{"line":11,"column":12},"end":{"line":11,"column":99}},"10":{"start":{"line":13,"column":21},"end":{"line":13,"column":50}},"11":{"start":{"line":14,"column":8},"end":{"line":15,"column":91}},"12":{"start":{"line":15,"column":12},"end":{"line":15,"column":91}},"13":{"start":{"line":17,"column":30},"end":{"line":17,"column":62}},"14":{"start":{"line":18,"column":8},"end":{"line":20,"column":9}},"15":{"start":{"line":19,"column":12},"end":{"line":19,"column":82}},"16":{"start":{"line":21,"column":8},"end":{"line":22,"column":91}},"17":{"start":{"line":22,"column":12},"end":{"line":22,"column":91}},"18":{"start":{"line":24,"column":8},"end":{"line":24,"column":46}},"19":{"start":{"line":25,"column":8},"end":{"line":25,"column":93}},"20":{"start":{"line":26,"column":20},"end":{"line":26,"column":30}},"21":{"start":{"line":29,"column":0},"end":{"line":60,"column":3}},"22":{"start":{"line":30,"column":4},"end":{"line":59,"column":5}},"23":{"start":{"line":31,"column":91},"end":{"line":31,"column":99}},"24":{"start":{"line":32,"column":8},"end":{"line":33,"column":122}},"25":{"start":{"line":33,"column":12},"end":{"line":33,"column":122}},"26":{"start":{"line":34,"column":8},"end":{"line":35,"column":102}},"27":{"start":{"line":35,"column":12},"end":{"line":35,"column":102}},"28":{"start":{"line":36,"column":8},"end":{"line":37,"column":110}},"29":{"start":{"line":37,"column":12},"end":{"line":37,"column":110}},"30":{"start":{"line":39,"column":31},"end":{"line":39,"column":62}},"31":{"start":{"line":40,"column":21},"end":{"line":50,"column":10}},"32":{"start":{"line":52,"column":8},"end":{"line":52,"column":46}},"33":{"start":{"line":53,"column":8},"end":{"line":53,"column":105}},"34":{"start":{"line":55,"column":8},"end":{"line":57,"column":9}},"35":{"start":{"line":56,"column":12},"end":{"line":56,"column":127}},"36":{"start":{"line":58,"column":8},"end":{"line":58,"column":18}},"37":{"start":{"line":62,"column":0},"end":{"line":64,"column":3}},"38":{"start":{"line":63,"column":4},"end":{"line":63,"column":83}},"39":{"start":{"line":63,"column":30},"end":{"line":63,"column":81}},"40":{"start":{"line":66,"column":0},"end":{"line":70,"column":3}},"41":{"start":{"line":67,"column":4},"end":{"line":68,"column":85}},"42":{"start":{"line":68,"column":8},"end":{"line":68,"column":85}},"43":{"start":{"line":69,"column":4},"end":{"line":69,"column":56}},"44":{"start":{"line":72,"column":0},"end":{"line":72,"column":24}}},"fnMap":{"0":{"name":"(anonymous_0)","decl":{"start":{"line":7,"column":22},"end":{"line":7,"column":23}},"loc":{"start":{"line":7,"column":48},"end":{"line":27,"column":1}},"line":7},"1":{"name":"(anonymous_1)","decl":{"start":{"line":29,"column":25},"end":{"line":29,"column":26}},"loc":{"start":{"line":29,"column":51},"end":{"line":60,"column":1}},"line":29},"2":{"name":"(anonymous_2)","decl":{"start":{"line":62,"column":23},"end":{"line":62,"column":24}},"loc":{"start":{"line":62,"column":37},"end":{"line":64,"column":1}},"line":62},"3":{"name":"(anonymous_3)","decl":{"start":{"line":63,"column":24},"end":{"line":63,"column":25}},"loc":{"start":{"line":63,"column":30},"end":{"line":63,"column":81}},"line":63},"4":{"name":"(anonymous_4)","decl":{"start":{"line":66,"column":22},"end":{"line":66,"column":23}},"loc":{"start":{"line":66,"column":36},"end":{"line":70,"column":1}},"line":66}},"branchMap":{"0":{"loc":{"start":{"line":10,"column":8},"end":{"line":11,"column":99}},"type":"if","locations":[{"start":{"line":10,"column":8},"end":{"line":11,"column":99}},{"start":{},"end":{}}],"line":10},"1":{"loc":{"start":{"line":10,"column":12},"end":{"line":10,"column":31}},"type":"binary-expr","locations":[{"start":{"line":10,"column":12},"end":{"line":10,"column":18}},{"start":{"line":10,"column":22},"end":{"line":10,"column":31}}],"line":10},"2":{"loc":{"start":{"line":14,"column":8},"end":{"line":15,"column":91}},"type":"if","locations":[{"start":{"line":14,"column":8},"end":{"line":15,"column":91}},{"start":{},"end":{}}],"line":14},"3":{"loc":{"start":{"line":18,"column":8},"end":{"line":20,"column":9}},"type":"if","locations":[{"start":{"line":18,"column":8},"end":{"line":20,"column":9}},{"start":{},"end":{}}],"line":18},"4":{"loc":{"start":{"line":18,"column":12},"end":{"line":18,"column":77}},"type":"binary-expr","locations":[{"start":{"line":18,"column":12},"end":{"line":18,"column":28}},{"start":{"line":18,"column":32},"end":{"line":18,"column":77}}],"line":18},"5":{"loc":{"start":{"line":18,"column":51},"end":{"line":18,"column":76}},"type":"binary-expr","locations":[{"start":{"line":18,"column":51},"end":{"line":18,"column":70}},{"start":{"line":18,"column":74},"end":{"line":18,"column":76}}],"line":18},"6":{"loc":{"start":{"line":21,"column":8},"end":{"line":22,"column":91}},"type":"if","locations":[{"start":{"line":21,"column":8},"end":{"line":22,"column":91}},{"start":{},"end":{}}],"line":21},"7":{"loc":{"start":{"line":32,"column":8},"end":{"line":33,"column":122}},"type":"if","locations":[{"start":{"line":32,"column":8},"end":{"line":33,"column":122}},{"start":{},"end":{}}],"line":32},"8":{"loc":{"start":{"line":32,"column":12},"end":{"line":32,"column":54}},"type":"binary-expr","locations":[{"start":{"line":32,"column":12},"end":{"line":32,"column":18}},{"start":{"line":32,"column":22},"end":{"line":32,"column":31}},{"start":{"line":32,"column":35},"end":{"line":32,"column":40}},{"start":{"line":32,"column":44},"end":{"line":32,"column":54}}],"line":32},"9":{"loc":{"start":{"line":34,"column":8},"end":{"line":35,"column":102}},"type":"if","locations":[{"start":{"line":34,"column":8},"end":{"line":35,"column":102}},{"start":{},"end":{}}],"line":34},"10":{"loc":{"start":{"line":36,"column":8},"end":{"line":37,"column":110}},"type":"if","locations":[{"start":{"line":36,"column":8},"end":{"line":37,"column":110}},{"start":{},"end":{}}],"line":36},"11":{"loc":{"start":{"line":45,"column":21},"end":{"line":45,"column":37}},"type":"binary-expr","locations":[{"start":{"line":45,"column":21},"end":{"line":45,"column":28}},{"start":{"line":45,"column":32},"end":{"line":45,"column":37}}],"line":45},"12":{"loc":{"start":{"line":47,"column":18},"end":{"line":47,"column":49}},"type":"cond-expr","locations":[{"start":{"line":47,"column":25},"end":{"line":47,"column":37}},{"start":{"line":47,"column":40},"end":{"line":47,"column":49}}],"line":47},"13":{"loc":{"start":{"line":55,"column":8},"end":{"line":57,"column":9}},"type":"if","locations":[{"start":{"line":55,"column":8},"end":{"line":57,"column":9}},{"start":{},"end":{}}],"line":55},"14":{"loc":{"start":{"line":67,"column":4},"end":{"line":68,"column":85}},"type":"if","locations":[{"start":{"line":67,"column":4},"end":{"line":68,"column":85}},{"start":{},"end":{}}],"line":67}},"s":{"0":1,"1":1,"2":1,"3":1,"4":1,"5":1,"6":3,"7":3,"8":3,"9":0,"10":3,"11":3,"12":1,"13":2,"14":2,"15":0,"16":2,"17":1,"18":1,"19":1,"20":0,"21":1,"22":6,"23":6,"24":6,"25":1,"26":5,"27":1,"28":4,"29":1,"30":3,"31":3,"32":1,"33":1,"34":2,"35":1,"36":1,"37":1,"38":0,"39":0,"40":1,"41":0,"42":0,"43":0,"44":1},"f":{"0":3,"1":6,"2":0,"3":0,"4":0},"b":{"0":[0,3],"1":[3,3],"2":[1,2],"3":[0,2],"4":[2,1],"5":[1,0],"6":[1,1],"7":[1,5],"8":[6,6,5,5],"9":[1,4],"10":[1,3],"11":[3,3],"12":[0,3],"13":[1,1],"14":[0,0]},"_coverageSchema":"1a1c01bbd47fc00a2c39e90264f33305004495a9","hash":"41630bb83e464d67a471773f1bf2c5a372bd9275"}
}
