TN:
SF:server/lib/applications.js
FN:5,(anonymous_0)
FN:7,(anonymous_1)
FN:20,(anonymous_2)
FN:21,(anonymous_3)
FN:67,(anonymous_4)
FN:70,(anonymous_5)
FN:76,(anonymous_6)
FN:81,(anonymous_7)
FN:83,(anonymous_8)
FNF:9
FNH:7
FNDA:8,(anonymous_0)
FNDA:3,(anonymous_1)
FNDA:0,(anonymous_2)
FNDA:0,(anonymous_3)
FNDA:2,(anonymous_4)
FNDA:2,(anonymous_5)
FNDA:2,(anonymous_6)
FNDA:4,(anonymous_7)
FNDA:3,(anonymous_8)
DA:1,1
DA:3,1
DA:5,8
DA:7,1
DA:8,3
DA:16,3
DA:17,3
DA:18,3
DA:19,0
DA:20,0
DA:21,0
DA:22,0
DA:24,3
DA:25,3
DA:26,3
DA:27,3
DA:28,0
DA:29,0
DA:36,3
DA:38,3
DA:47,3
DA:49,3
DA:64,3
DA:67,2
DA:70,2
DA:76,2
DA:81,1
DA:82,4
DA:83,4
DA:94,4
DA:97,1
LF:31
LH:25
BRDA:7,0,0,0
BRDA:7,1,0,2
BRDA:7,2,0,3
BRDA:7,3,0,3
BRDA:7,4,0,2
BRDA:7,5,0,3
BRDA:7,6,0,3
BRDA:17,7,0,3
BRDA:17,7,1,0
BRDA:17,8,0,0
BRDA:17,8,1,0
BRDA:18,9,0,0
BRDA:18,9,1,3
BRDA:22,10,0,0
BRDA:22,10,1,0
BRDA:24,11,0,1
BRDA:24,11,1,2
BRDA:25,12,0,0
BRDA:25,12,1,3
BRDA:26,13,0,0
BRDA:26,13,1,3
BRDA:27,14,0,0
BRDA:27,14,1,3
BRDA:36,15,0,1
BRDA:36,15,1,2
BRDA:47,16,0,3
BRDA:47,16,1,1
BRDA:67,17,0,1
BRDA:67,18,0,0
BRDA:76,19,0,1
BRDA:76,20,0,0
BRDA:84,21,0,3
BRDA:84,21,1,1
BRDA:85,22,0,3
BRDA:85,22,1,2
BRDA:86,23,0,3
BRDA:86,23,1,2
BRDA:87,24,0,3
BRDA:87,24,1,2
BRDA:88,25,0,3
BRDA:88,25,1,1
BRDA:89,26,0,3
BRDA:89,26,1,1
BRDA:90,27,0,3
BRDA:90,27,1,2
BRDA:91,28,0,3
BRDA:91,28,1,2
BRDA:92,29,0,1
BRDA:92,29,1,2
BRF:49
BRH:37
end_of_record
TN:
SF:server/lib/audit.js
FN:11,(anonymous_0)
FN:18,(anonymous_1)
FNF:2
FNH:2
FNDA:12,(anonymous_0)
FNDA:4,(anonymous_1)
DA:1,1
DA:11,1
DA:12,12
DA:13,1
DA:15,11
DA:18,1
DA:19,4
DA:20,4
DA:21,3
DA:22,2
DA:25,1
LF:11
LH:11
BRDA:11,0,0,11
BRDA:12,1,0,1
BRDA:12,1,1,11
BRDA:19,2,0,4
BRDA:19,2,1,3
BRDA:20,3,0,1
BRDA:20,3,1,3
BRDA:20,4,0,4
BRDA:20,4,1,2
BRDA:21,5,0,1
BRDA:21,5,1,2
BRDA:21,6,0,3
BRDA:21,6,1,1
BRF:13
BRH:13
end_of_record
TN:
SF:server/lib/authValidation.js
FN:3,(anonymous_0)
FN:5,(anonymous_1)
FN:18,(anonymous_2)
FN:20,(anonymous_3)
FNF:4
FNH:4
FNDA:5,(anonymous_0)
FNDA:3,(anonymous_1)
FNDA:12,(anonymous_2)
FNDA:8,(anonymous_3)
DA:1,2
DA:3,5
DA:5,3
DA:18,12
DA:20,8
DA:22,2
LF:6
LH:6
BRDA:3,0,0,3
BRDA:3,0,1,2
BRDA:18,1,0,12
BRDA:18,1,1,2
BRDA:20,2,0,8
BRDA:20,2,1,2
BRF:6
BRH:6
end_of_record
TN:
SF:server/lib/documents.js
FN:1,(anonymous_0)
FN:12,(anonymous_1)
FN:14,(anonymous_2)
FN:16,(anonymous_3)
FNF:4
FNH:4
FNDA:19,(anonymous_0)
FNDA:1,(anonymous_1)
FNDA:3,(anonymous_2)
FNDA:2,(anonymous_3)
DA:1,2
DA:2,19
DA:3,19
DA:4,11
DA:5,9
DA:6,7
DA:7,5
DA:8,4
DA:9,3
DA:12,2
DA:14,2
DA:15,3
DA:16,3
DA:19,2
LF:14
LH:14
BRDA:2,0,0,19
BRDA:2,0,1,2
BRDA:3,1,0,8
BRDA:3,1,1,11
BRDA:3,2,0,19
BRDA:3,2,1,12
BRDA:4,3,0,2
BRDA:4,3,1,9
BRDA:4,4,0,11
BRDA:4,4,1,10
BRDA:5,5,0,2
BRDA:5,5,1,7
BRDA:6,6,0,2
BRDA:6,6,1,5
BRDA:6,7,0,7
BRDA:6,7,1,6
BRDA:7,8,0,1
BRDA:7,8,1,4
BRDA:8,9,0,1
BRDA:8,9,1,3
BRF:20
BRH:20
end_of_record
TN:
SF:server/lib/eligibility.js
FN:3,(anonymous_0)
FN:16,(anonymous_1)
FN:17,(anonymous_2)
FN:25,(anonymous_3)
FNF:4
FNH:4
FNDA:9,(anonymous_0)
FNDA:1,(anonymous_1)
FNDA:3,(anonymous_2)
FNDA:7,(anonymous_3)
DA:1,1
DA:3,1
DA:4,9
DA:5,9
DA:6,9
DA:7,2
DA:9,9
DA:10,1
DA:12,9
DA:13,1
DA:16,9
DA:17,9
DA:18,3
DA:19,3
DA:22,9
DA:25,1
DA:26,7
DA:27,5
DA:28,3
DA:31,1
LF:20
LH:20
BRDA:3,0,0,6
BRDA:5,1,0,9
BRDA:5,1,1,0
BRDA:6,2,0,2
BRDA:6,2,1,7
BRDA:6,3,0,9
BRDA:6,3,1,3
BRDA:6,4,0,3
BRDA:6,4,1,1
BRDA:9,5,0,1
BRDA:9,5,1,8
BRDA:9,6,0,9
BRDA:9,6,1,1
BRDA:12,7,0,1
BRDA:12,7,1,8
BRDA:12,8,0,9
BRDA:12,8,1,1
BRDA:17,9,0,9
BRDA:17,9,1,7
BRDA:19,10,0,2
BRDA:19,10,1,1
BRDA:25,11,0,5
BRDA:26,12,0,2
BRDA:26,12,1,5
BRDA:27,13,0,2
BRDA:27,13,1,3
BRF:26
BRH:25
end_of_record
TN:
SF:server/lib/opportunities.js
FN:1,(anonymous_0)
FN:4,(anonymous_1)
FN:7,(anonymous_2)
FN:36,(anonymous_3)
FN:71,(anonymous_4)
FNF:5
FNH:5
FNDA:28,(anonymous_0)
FNDA:5,(anonymous_1)
FNDA:3,(anonymous_2)
FNDA:7,(anonymous_3)
FNDA:7,(anonymous_4)
DA:1,1
DA:2,28
DA:3,27
DA:4,5
DA:7,1
DA:8,3
DA:9,3
DA:36,1
DA:37,7
DA:38,7
DA:39,7
DA:40,7
DA:41,7
DA:42,7
DA:48,7
DA:71,1
DA:72,7
DA:73,7
DA:74,7
DA:75,7
DA:76,7
DA:82,7
DA:106,1
LF:23
LH:23
BRDA:2,0,0,1
BRDA:2,0,1,27
BRDA:3,1,0,25
BRDA:3,1,1,2
BRDA:8,2,0,1
BRDA:8,2,1,2
BRDA:17,3,0,3
BRDA:17,3,1,2
BRDA:17,3,2,1
BRDA:28,4,0,3
BRDA:28,4,1,2
BRDA:37,5,0,7
BRDA:37,5,1,1
BRDA:38,6,0,7
BRDA:38,6,1,1
BRDA:39,7,0,7
BRDA:39,7,1,7
BRDA:40,8,0,7
BRDA:40,8,1,7
BRDA:40,8,2,7
BRDA:41,9,0,1
BRDA:41,9,1,6
BRDA:42,10,0,7
BRDA:42,10,1,0
BRDA:49,11,0,7
BRDA:49,11,1,6
BRDA:49,12,0,6
BRDA:49,12,1,0
BRDA:55,13,0,7
BRDA:55,13,1,0
BRDA:56,14,0,7
BRDA:56,14,1,6
BRDA:63,15,0,7
BRDA:63,15,1,7
BRDA:71,16,0,6
BRDA:72,17,0,0
BRDA:72,17,1,7
BRDA:73,18,0,4
BRDA:73,18,1,3
BRDA:73,19,0,1
BRDA:73,19,1,2
BRDA:74,20,0,7
BRDA:74,20,1,0
BRDA:76,21,0,1
BRDA:76,21,1,6
BRDA:76,22,0,7
BRDA:76,22,1,7
BRDA:78,23,0,5
BRDA:78,23,1,1
BRDA:92,24,0,7
BRDA:92,24,1,0
BRDA:93,25,0,7
BRDA:93,25,1,0
BRDA:98,26,0,7
BRDA:98,26,1,7
BRDA:101,27,0,7
BRDA:101,27,1,7
BRF:57
BRH:50
end_of_record
TN:
SF:server/lib/statistics.js
FN:3,(anonymous_0)
FN:5,(anonymous_1)
FN:7,(anonymous_2)
FNF:3
FNH:3
FNDA:2,(anonymous_0)
FNDA:12,(anonymous_1)
FNDA:36,(anonymous_2)
DA:1,1
DA:3,2
DA:5,1
DA:6,12
DA:7,36
DA:9,12
DA:18,1
LF:7
LH:7
BRDA:3,0,0,0
BRDA:5,1,0,0
BRDA:5,2,0,1
BRDA:5,3,0,0
BRDA:5,4,0,0
BRDA:7,5,0,35
BRDA:7,5,1,1
BRDA:12,6,0,12
BRDA:12,6,1,11
BRF:9
BRH:5
end_of_record
TN:
SF:server/middleware/auth.js
FN:1,requireAuth
FN:10,requireAdmin
FNF:2
FNH:2
FNDA:3,requireAuth
FNDA:4,requireAdmin
DA:2,3
DA:3,2
DA:4,1
DA:5,1
DA:8,1
DA:11,4
DA:12,2
DA:13,2
DA:16,1
LF:9
LH:9
BRDA:2,0,0,2
BRDA:2,0,1,1
BRDA:11,1,0,2
BRDA:11,1,1,2
BRF:4
BRH:4
end_of_record
TN:
SF:server/models/Applications.js
FNF:0
FNH:0
DA:1,1
DA:3,1
DA:39,1
DA:40,1
DA:42,1
LF:5
LH:5
BRF:0
BRH:0
end_of_record
TN:
SF:server/models/AuditLog.js
FN:34,(anonymous_0)
FNF:1
FNH:1
FNDA:3,(anonymous_0)
DA:1,1
DA:3,1
DA:30,1
DA:31,1
DA:32,1
DA:34,1
DA:35,3
DA:37,1
DA:39,1
LF:9
LH:9
BRF:0
BRH:0
end_of_record
TN:
SF:server/models/Document.js
FNF:0
FNH:0
DA:1,1
DA:3,1
DA:26,1
DA:28,1
LF:4
LH:4
BRF:0
BRH:0
end_of_record
TN:
SF:server/models/Opportunity.js
FNF:0
FNH:0
DA:1,1
DA:3,1
DA:55,1
DA:56,1
DA:58,1
LF:5
LH:5
BRF:0
BRH:0
end_of_record
TN:
SF:server/models/User.js
FNF:0
FNH:0
DA:1,2
DA:3,2
DA:52,2
LF:3
LH:3
BRF:0
BRH:0
end_of_record
TN:
SF:server/routes/auth.js
FN:7,(anonymous_0)
FN:29,(anonymous_1)
FN:62,(anonymous_2)
FN:63,(anonymous_3)
FN:66,(anonymous_4)
FNF:5
FNH:2
FNDA:3,(anonymous_0)
FNDA:6,(anonymous_1)
FNDA:0,(anonymous_2)
FNDA:0,(anonymous_3)
FNDA:0,(anonymous_4)
DA:1,1
DA:2,1
DA:3,1
DA:4,1
DA:5,1
DA:7,1
DA:8,3
DA:9,3
DA:10,3
DA:11,0
DA:13,3
DA:14,3
DA:15,1
DA:17,2
DA:18,2
DA:19,0
DA:21,2
DA:22,1
DA:24,1
DA:25,1
DA:26,0
DA:29,1
DA:30,6
DA:31,6
DA:32,6
DA:33,1
DA:34,5
DA:35,1
DA:36,4
DA:37,1
DA:39,3
DA:40,3
DA:52,1
DA:53,1
DA:55,2
DA:56,1
DA:58,1
DA:62,1
DA:63,0
DA:66,1
DA:67,0
DA:68,0
DA:69,0
DA:72,1
LF:44
LH:37
BRDA:10,0,0,0
BRDA:10,0,1,3
BRDA:10,1,0,3
BRDA:10,1,1,3
BRDA:14,2,0,1
BRDA:14,2,1,2
BRDA:18,3,0,0
BRDA:18,3,1,2
BRDA:18,4,0,2
BRDA:18,4,1,1
BRDA:18,5,0,1
BRDA:18,5,1,0
BRDA:21,6,0,1
BRDA:21,6,1,1
BRDA:32,7,0,1
BRDA:32,7,1,5
BRDA:32,8,0,6
BRDA:32,8,1,6
BRDA:32,8,2,5
BRDA:32,8,3,5
BRDA:34,9,0,1
BRDA:34,9,1,4
BRDA:36,10,0,1
BRDA:36,10,1,3
BRDA:45,11,0,3
BRDA:45,11,1,3
BRDA:47,12,0,0
BRDA:47,12,1,3
BRDA:55,13,0,1
BRDA:55,13,1,1
BRDA:67,14,0,0
BRDA:67,14,1,0
BRF:32
BRH:26
end_of_record
